<?xml version="1.0" encoding="UTF-8"?>
<!-- Generated by org.testng.reporters.JUnitXMLReporter -->
<testsuite hostname="DESKTOP-4LOJOA7" name="Default test" tests="4" failures="0" timestamp="8 Dec 2022 07:10:15 GMT" time="22.744" errors="0">
  <testcase name="logInTest" time="1.88" classname="com.OrangeHRM.AddEmployeeTest"/>
  <testcase name="pimTest" time="0.233" classname="com.OrangeHRM.AddEmployeeTest"/>
  <testcase name="addEmployeeTest" time="0.827" classname="com.OrangeHRM.AddEmployeeTest"/>
  <testcase name="addNewEmployeeTest" time="17.176" classname="com.OrangeHRM.AddEmployeeTest"/>
</testsuite> <!-- Default test -->
