<?xml version="1.0" encoding="UTF-8"?>
<testng-results skipped="0" failed="0" total="4" passed="4">
  <reporter-output>
  </reporter-output>
  <suite name="Default suite" duration-ms="22744" started-at="2022-12-08T07:09:53Z" finished-at="2022-12-08T07:10:15Z">
    <groups>
    </groups>
    <test name="Default test" duration-ms="22744" started-at="2022-12-08T07:09:53Z" finished-at="2022-12-08T07:10:15Z">
      <class name="com.OrangeHRM.AddEmployeeTest">
        <test-method status="PASS" signature="setUp()[pri:0, instance:com.OrangeHRM.AddEmployeeTest@7a92922]" name="setUp" is-config="true" duration-ms="2617" started-at="2022-12-08T12:39:53Z" finished-at="2022-12-08T12:39:55Z">
          <reporter-output>
          </reporter-output>
        </test-method> <!-- setUp -->
        <test-method status="PASS" signature="logInTest()[pri:1, instance:com.OrangeHRM.AddEmployeeTest@7a92922]" name="logInTest" duration-ms="1880" started-at="2022-12-08T12:39:55Z" finished-at="2022-12-08T12:39:57Z">
          <reporter-output>
          </reporter-output>
        </test-method> <!-- logInTest -->
        <test-method status="PASS" signature="pimTest()[pri:2, instance:com.OrangeHRM.AddEmployeeTest@7a92922]" name="pimTest" duration-ms="233" started-at="2022-12-08T12:39:57Z" finished-at="2022-12-08T12:39:57Z">
          <reporter-output>
          </reporter-output>
        </test-method> <!-- pimTest -->
        <test-method status="PASS" signature="addEmployeeTest()[pri:3, instance:com.OrangeHRM.AddEmployeeTest@7a92922]" name="addEmployeeTest" duration-ms="827" started-at="2022-12-08T12:39:57Z" finished-at="2022-12-08T12:39:58Z">
          <reporter-output>
          </reporter-output>
        </test-method> <!-- addEmployeeTest -->
        <test-method status="PASS" signature="addNewEmployeeTest()[pri:4, instance:com.OrangeHRM.AddEmployeeTest@7a92922]" name="addNewEmployeeTest" duration-ms="17176" started-at="2022-12-08T12:39:58Z" finished-at="2022-12-08T12:40:15Z">
          <reporter-output>
          </reporter-output>
        </test-method> <!-- addNewEmployeeTest -->
      </class> <!-- com.OrangeHRM.AddEmployeeTest -->
    </test> <!-- Default test -->
  </suite> <!-- Default suite -->
</testng-results>
